[debug] [2020-07-27T00:04:17.801Z] ----------------------------------------------------------------------
[debug] [2020-07-27T00:04:17.803Z] Command:       /home/exbinario/.nvm/versions/node/v14.4.0/bin/node /home/exbinario/.nvm/versions/node/v14.4.0/bin/firebase deploy
[debug] [2020-07-27T00:04:17.803Z] CLI Version:   8.4.3
[debug] [2020-07-27T00:04:17.803Z] Platform:      linux
[debug] [2020-07-27T00:04:17.803Z] Node Version:  v14.4.0
[debug] [2020-07-27T00:04:17.804Z] Time:          Sun Jul 26 2020 18:04:17 GMT-0600 (Central Standard Time)
[debug] [2020-07-27T00:04:17.804Z] ----------------------------------------------------------------------
[debug] [2020-07-27T00:04:17.804Z] 
[debug] [2020-07-27T00:04:17.810Z] > command requires scopes: ["email","openid","https://www.googleapis.com/auth/cloudplatformprojects.readonly","https://www.googleapis.com/auth/firebase","https://www.googleapis.com/auth/cloud-platform"]
[debug] [2020-07-27T00:04:17.811Z] > authorizing via signed-in user
[debug] [2020-07-27T00:04:17.811Z] [iam] checking project my-project-1470522162116 for permissions ["firebase.projects.get","firebasehosting.sites.update"]
[debug] [2020-07-27T00:04:17.814Z] > refreshing access token with scopes: ["email","https://www.googleapis.com/auth/cloud-platform","https://www.googleapis.com/auth/cloudplatformprojects.readonly","https://www.googleapis.com/auth/firebase","openid"]
[debug] [2020-07-27T00:04:17.814Z] >>> HTTP REQUEST POST https://www.googleapis.com/oauth2/v3/token  
 <request body omitted>
[debug] [2020-07-27T00:04:17.845Z] [iam] error while checking permissions, command may fail: FirebaseError: Authentication Error: Your credentials are no longer valid. Please run firebase login --reauth

For CI servers and headless environments, generate a new token with firebase login:ci
[debug] [2020-07-27T00:04:17.846Z] > refreshing access token with scopes: ["email","https://www.googleapis.com/auth/cloud-platform","https://www.googleapis.com/auth/cloudplatformprojects.readonly","https://www.googleapis.com/auth/firebase","openid"]
[debug] [2020-07-27T00:04:17.846Z] >>> HTTP REQUEST POST https://www.googleapis.com/oauth2/v3/token  
 <request body omitted>
[debug] [2020-07-27T00:04:17.858Z] Authentication Error: Your credentials are no longer valid. Please run firebase login --reauth

For CI servers and headless environments, generate a new token with firebase login:ci
[debug] [2020-07-27T00:04:17.866Z] FirebaseError: Authentication Error: Your credentials are no longer valid. Please run firebase login --reauth

For CI servers and headless environments, generate a new token with firebase login:ci
    at Object.<anonymous> (/home/exbinario/.nvm/versions/node/v14.4.0/lib/node_modules/firebase-tools/lib/auth.js:23:32)
    at Module._compile (internal/modules/cjs/loader.js:1200:30)
    at Object.Module._extensions..js (internal/modules/cjs/loader.js:1220:10)
    at Module.load (internal/modules/cjs/loader.js:1049:32)
    at Function.Module._load (internal/modules/cjs/loader.js:937:14)
    at Module.require (internal/modules/cjs/loader.js:1089:19)
    at require (internal/modules/cjs/helpers.js:73:18)
    at Object.<anonymous> (/home/exbinario/.nvm/versions/node/v14.4.0/lib/node_modules/firebase-tools/lib/commands/login.js:20:14)
    at Module._compile (internal/modules/cjs/loader.js:1200:30)
    at Object.Module._extensions..js (internal/modules/cjs/loader.js:1220:10)
    at Module.load (internal/modules/cjs/loader.js:1049:32)
    at Function.Module._load (internal/modules/cjs/loader.js:937:14)
    at Module.require (internal/modules/cjs/loader.js:1089:19)
    at require (internal/modules/cjs/helpers.js:73:18)
    at loadCommand (/home/exbinario/.nvm/versions/node/v14.4.0/lib/node_modules/firebase-tools/lib/commands/index.js:5:19)
    at module.exports (/home/exbinario/.nvm/versions/node/v14.4.0/lib/node_modules/firebase-tools/lib/commands/index.js:89:20)
[error] 
[error] Error: Failed to get Firebase project my-project-1470522162116. Please make sure the project exists and your account has permission to access it.
[debug] [2020-07-27T00:05:17.106Z] ----------------------------------------------------------------------
[debug] [2020-07-27T00:05:17.108Z] Command:       /home/exbinario/.nvm/versions/node/v14.4.0/bin/node /home/exbinario/.nvm/versions/node/v14.4.0/bin/firebase deploy
[debug] [2020-07-27T00:05:17.108Z] CLI Version:   8.4.3
[debug] [2020-07-27T00:05:17.108Z] Platform:      linux
[debug] [2020-07-27T00:05:17.108Z] Node Version:  v14.4.0
[debug] [2020-07-27T00:05:17.109Z] Time:          Sun Jul 26 2020 18:05:17 GMT-0600 (Central Standard Time)
[debug] [2020-07-27T00:05:17.109Z] ----------------------------------------------------------------------
[debug] [2020-07-27T00:05:17.109Z] 
[debug] [2020-07-27T00:05:17.117Z] > command requires scopes: ["email","openid","https://www.googleapis.com/auth/cloudplatformprojects.readonly","https://www.googleapis.com/auth/firebase","https://www.googleapis.com/auth/cloud-platform"]
[debug] [2020-07-27T00:05:17.117Z] > authorizing via signed-in user
[debug] [2020-07-27T00:05:17.118Z] [iam] checking project my-project-1470522162116 for permissions ["firebase.projects.get","firebasehosting.sites.update"]
[debug] [2020-07-27T00:05:17.121Z] > refreshing access token with scopes: ["email","https://www.googleapis.com/auth/cloud-platform","https://www.googleapis.com/auth/cloudplatformprojects.readonly","https://www.googleapis.com/auth/firebase","openid"]
[debug] [2020-07-27T00:05:17.122Z] >>> HTTP REQUEST POST https://www.googleapis.com/oauth2/v3/token  
 <request body omitted>
[debug] [2020-07-27T00:05:23.072Z] <<< HTTP RESPONSE 200 {"content-type":"application/json; charset=utf-8","vary":"X-Origin, Referer, Origin,Accept-Encoding","date":"Mon, 27 Jul 2020 00:05:23 GMT","server":"scaffolding on HTTPServer2","cache-control":"private","x-xss-protection":"0","x-frame-options":"SAMEORIGIN","x-content-type-options":"nosniff","alt-svc":"h3-29=\":443\"; ma=2592000,h3-27=\":443\"; ma=2592000,h3-T050=\":443\"; ma=2592000,h3-Q050=\":443\"; ma=2592000,h3-Q046=\":443\"; ma=2592000,h3-Q043=\":443\"; ma=2592000,quic=\":443\"; ma=2592000; v=\"46,43\"","accept-ranges":"none","transfer-encoding":"chunked"}
[debug] [2020-07-27T00:05:23.097Z] >>> HTTP REQUEST POST https://cloudresourcemanager.googleapis.com/v1/projects/my-project-1470522162116:testIamPermissions  
 {"permissions":["firebase.projects.get","firebasehosting.sites.update"]}
[debug] [2020-07-27T00:05:24.126Z] <<< HTTP RESPONSE 200 {"content-type":"application/json; charset=UTF-8","vary":"X-Origin, Referer, Origin,Accept-Encoding","date":"Mon, 27 Jul 2020 00:05:24 GMT","server":"ESF","cache-control":"private","x-xss-protection":"0","x-frame-options":"SAMEORIGIN","x-content-type-options":"nosniff","server-timing":"gfet4t7; dur=183","alt-svc":"h3-29=\":443\"; ma=2592000,h3-27=\":443\"; ma=2592000,h3-T050=\":443\"; ma=2592000,h3-Q050=\":443\"; ma=2592000,h3-Q046=\":443\"; ma=2592000,h3-Q043=\":443\"; ma=2592000,quic=\":443\"; ma=2592000; v=\"46,43\"","accept-ranges":"none","transfer-encoding":"chunked"}
[debug] [2020-07-27T00:05:24.136Z] >>> HTTP REQUEST GET https://firebase.googleapis.com/v1beta1/projects/my-project-1470522162116  
 
[debug] [2020-07-27T00:05:24.945Z] <<< HTTP RESPONSE 200 {"content-type":"application/json; charset=UTF-8","vary":"X-Origin, Referer, Origin,Accept-Encoding","date":"Mon, 27 Jul 2020 00:05:25 GMT","server":"ESF","cache-control":"private","x-xss-protection":"0","x-frame-options":"SAMEORIGIN","x-content-type-options":"nosniff","alt-svc":"h3-29=\":443\"; ma=2592000,h3-27=\":443\"; ma=2592000,h3-T050=\":443\"; ma=2592000,h3-Q050=\":443\"; ma=2592000,h3-Q046=\":443\"; ma=2592000,h3-Q043=\":443\"; ma=2592000,quic=\":443\"; ma=2592000; v=\"46,43\"","accept-ranges":"none","transfer-encoding":"chunked"}
[info] 
[info] === Deploying to 'my-project-1470522162116'...
[info] 
[info] i  deploying hosting 
[debug] [2020-07-27T00:05:24.982Z] >>> HTTP REQUEST POST https://firebasehosting.googleapis.com/v1beta1/sites/my-project-1470522162116/versions  
 {"config":{"rewrites":[{"glob":"**","path":"/index.html"}]},"labels":{"deployment-tool":"cli-firebase"}}
[debug] [2020-07-27T00:05:50.060Z] Error: connect ENETUNREACH 172.217.2.202:443
    at TCPConnectWrap.afterConnect [as oncomplete] (net.js:1141:16)
[error] 
[error] Error: Server Error. connect ENETUNREACH 172.217.2.202:443
